<?xml version="1.0" encoding="UTF-8"?>
<testng-results ignored="0" total="1" passed="1" failed="0" skipped="0">
  <reporter-output>
  </reporter-output>
  <suite started-at="2025-07-29T17:46:30 IST" name="Default suite" finished-at="2025-07-29T17:47:08 IST" duration-ms="38034">
    <groups>
    </groups>
    <test started-at="2025-07-29T17:46:30 IST" name="Default test" finished-at="2025-07-29T17:47:08 IST" duration-ms="38034">
      <class name="tests.LoginTest">
        <test-method is-config="true" signature="setUp()[pri:0, instance:tests.LoginTest@543588e6]" started-at="2025-07-29T17:46:30 IST" name="setUp" finished-at="2025-07-29T17:46:39 IST" duration-ms="8653" status="PASS">
          <reporter-output>
          </reporter-output>
        </test-method> <!-- setUp -->
        <test-method signature="testLoginToNaukri()[pri:0, instance:tests.LoginTest@543588e6]" started-at="2025-07-29T17:46:39 IST" name="testLoginToNaukri" finished-at="2025-07-29T17:47:08 IST" duration-ms="28980" status="PASS">
          <reporter-output>
          </reporter-output>
        </test-method> <!-- testLoginToNaukri -->
        <test-method is-config="true" signature="tearDown()[pri:0, instance:tests.LoginTest@543588e6]" started-at="2025-07-29T17:47:08 IST" name="tearDown" finished-at="2025-07-29T17:47:08 IST" duration-ms="362" status="PASS">
          <reporter-output>
          </reporter-output>
        </test-method> <!-- tearDown -->
      </class> <!-- tests.LoginTest -->
    </test> <!-- Default test -->
  </suite> <!-- Default suite -->
</testng-results>
